Arguments: 
  C:\Program Files\nodejs\node.exe C:\Users\mauma\AppData\Roaming\npm\node_modules\yarn\bin\yarn.js install

PATH: 
  C:\Program Files\Common Files\Oracle\Java\javapath;C:\WINDOWS\system32;C:\WINDOWS;C:\WINDOWS\System32\Wbem;C:\WINDOWS\System32\WindowsPowerShell\v1.0\;C:\WINDOWS\System32\OpenSSH\;C:\Program Files\Git\cmd;C:\Users\mauma\OneDrive\Escritorio\Flutter\flutter\bin;D:\PROGRAMS\MicroStrategy\DataServices\11.0.11+9\64-bit\bin\server;C:\ProgramData\chocolatey\bin;C:\Program Files\nodejs\;C:\Program Files\Docker\Docker\resources\bin;C:\ProgramData\DockerDesktop\version-bin;C:\Users\mauma\AppData\Local\Programs\Python\Python310\Scripts\;C:\Users\mauma\AppData\Local\Programs\Python\Python310\;C:\Users\mauma\AppData\Local\Microsoft\WindowsApps;C:\Users\mauma\AppData\Local\Programs\Microsoft VS Code\bin;C:\Users\mauma\AppData\Roaming\npm;

Yarn version: 
  1.22.11

Node version: 
  14.17.6

Platform: 
  win32 x64

Trace: 
  Error: https://registry.yarnpkg.com/@firebase: Request "https://registry.yarnpkg.com/@firebase" returned a 405
      at Request.params.callback [as _callback] (C:\Users\mauma\AppData\Roaming\npm\node_modules\yarn\lib\cli.js:67001:18)
      at Request.self.callback (C:\Users\mauma\AppData\Roaming\npm\node_modules\yarn\lib\cli.js:140763:22)
      at Request.emit (events.js:400:28)
      at Request.<anonymous> (C:\Users\mauma\AppData\Roaming\npm\node_modules\yarn\lib\cli.js:141735:10)
      at Request.emit (events.js:400:28)
      at IncomingMessage.<anonymous> (C:\Users\mauma\AppData\Roaming\npm\node_modules\yarn\lib\cli.js:141657:12)
      at Object.onceWrapper (events.js:519:28)
      at IncomingMessage.emit (events.js:412:35)
      at endReadableNT (internal/streams/readable.js:1317:12)
      at processTicksAndRejections (internal/process/task_queues.js:82:21)

npm manifest: 
  {
    "main": "node_modules/expo/AppEntry.js",
    "scripts": {
      "start": "expo start",
      "android": "expo start --android",
      "ios": "expo start --ios",
      "web": "expo start --web",
      "eject": "expo eject"
    },
    "dependencies": {
      "@firebase": "^9.1.3",
      "@react-navigation/native": "^6.0.6",
      "@react-navigation/native-stack": "^6.2.4",
      "expo": "~42.0.1",
      "expo-location": "^12.1.2",
      "expo-secure-store": "~10.2.0",
      "expo-status-bar": "~1.0.4",
      "react": "16.13.1",
      "react-dom": "16.13.1",
      "react-native": "https://github.com/expo/react-native/archive/sdk-42.0.0.tar.gz",
      "react-native-maps": "^0.28.0",
      "react-native-safe-area-context": "^3.2.0",
      "react-native-screens": "^3.4.0",
      "react-native-svg": "^12.1.1",
      "react-native-web": "~0.13.12",
      "sweetalert2": "^11.1.9"
    },
    "devDependencies": {
      "@babel/core": "^7.9.0"
    },
    "private": true
  }

yarn manifest: 
  No manifest

Lockfile: 
  No lockfile
